running egg_info
creating ../../build/napoleon/napoleon.egg-info
writing ../../build/napoleon/napoleon.egg-info/PKG-INFO
writing dependency_links to ../../build/napoleon/napoleon.egg-info/dependency_links.txt
writing entry points to ../../build/napoleon/napoleon.egg-info/entry_points.txt
writing requirements to ../../build/napoleon/napoleon.egg-info/requires.txt
writing top-level names to ../../build/napoleon/napoleon.egg-info/top_level.txt
writing manifest file '../../build/napoleon/napoleon.egg-info/SOURCES.txt'
reading manifest file '../../build/napoleon/napoleon.egg-info/SOURCES.txt'
adding license file 'LICENSE'
writing manifest file '../../build/napoleon/napoleon.egg-info/SOURCES.txt'
running build
running build_py
creating /workspace/build/napoleon/build
creating /workspace/build/napoleon/build/lib
creating /workspace/build/napoleon/build/lib/napoleon
copying napoleon/__init__.py -> /workspace/build/napoleon/build/lib/napoleon
copying napoleon/state_machine.py -> /workspace/build/napoleon/build/lib/napoleon
running install
running install_lib
creating /workspace/install/napoleon/lib/python3.12/site-packages/napoleon
copying /workspace/build/napoleon/build/lib/napoleon/__init__.py -> /workspace/install/napoleon/lib/python3.12/site-packages/napoleon
copying /workspace/build/napoleon/build/lib/napoleon/state_machine.py -> /workspace/install/napoleon/lib/python3.12/site-packages/napoleon
byte-compiling /workspace/install/napoleon/lib/python3.12/site-packages/napoleon/__init__.py to __init__.cpython-312.pyc
byte-compiling /workspace/install/napoleon/lib/python3.12/site-packages/napoleon/state_machine.py to state_machine.cpython-312.pyc
running install_data
creating /workspace/install/napoleon/share/ament_index
creating /workspace/install/napoleon/share/ament_index/resource_index
creating /workspace/install/napoleon/share/ament_index/resource_index/packages
copying resource/napoleon -> /workspace/install/napoleon/share/ament_index/resource_index/packages
copying package.xml -> /workspace/install/napoleon/share/napoleon
running install_egg_info
Copying ../../build/napoleon/napoleon.egg-info to /workspace/install/napoleon/lib/python3.12/site-packages/napoleon-0.0.0-py3.12.egg-info
running install_scripts
Installing state_machine script to /workspace/install/napoleon/lib/napoleon
writing list of installed files to '/workspace/build/napoleon/install.log'
