[0.772s] Invoking command in '/workspace/src/napoleon': PYTHONPATH=/workspace/build/napoleon/prefix_override:/usr/lib/python3/dist-packages/colcon_core/task/python/colcon_distutils_commands:/workspace/install/napoleon/lib/python3.12/site-packages:${PYTHONPATH} /usr/bin/python3 -W ignore:setup.py install is deprecated -W ignore:easy_install command is deprecated setup.py egg_info --egg-base ../../build/napoleon build --build-base /workspace/build/napoleon/build install --record /workspace/build/napoleon/install.log --single-version-externally-managed install_data
[1.016s] running egg_info
[1.034s] writing ../../build/napoleon/napoleon.egg-info/PKG-INFO
[1.034s] writing dependency_links to ../../build/napoleon/napoleon.egg-info/dependency_links.txt
[1.034s] writing entry points to ../../build/napoleon/napoleon.egg-info/entry_points.txt
[1.035s] writing requirements to ../../build/napoleon/napoleon.egg-info/requires.txt
[1.035s] writing top-level names to ../../build/napoleon/napoleon.egg-info/top_level.txt
[1.069s] reading manifest file '../../build/napoleon/napoleon.egg-info/SOURCES.txt'
[1.070s] adding license file 'LICENSE'
[1.070s] writing manifest file '../../build/napoleon/napoleon.egg-info/SOURCES.txt'
[1.070s] running build
[1.071s] running build_py
[1.071s] running install
[1.076s] running install_lib
[1.094s] running install_data
[1.094s] running install_egg_info
[1.112s] removing '/workspace/install/napoleon/lib/python3.12/site-packages/napoleon-0.0.0-py3.12.egg-info' (and everything under it)
[1.113s] Copying ../../build/napoleon/napoleon.egg-info to /workspace/install/napoleon/lib/python3.12/site-packages/napoleon-0.0.0-py3.12.egg-info
[1.114s] running install_scripts
[1.241s] Installing state_machine script to /workspace/install/napoleon/lib/napoleon
[1.242s] writing list of installed files to '/workspace/build/napoleon/install.log'
[1.279s] Invoked command in '/workspace/src/napoleon' returned '0': PYTHONPATH=/workspace/build/napoleon/prefix_override:/usr/lib/python3/dist-packages/colcon_core/task/python/colcon_distutils_commands:/workspace/install/napoleon/lib/python3.12/site-packages:${PYTHONPATH} /usr/bin/python3 -W ignore:setup.py install is deprecated -W ignore:easy_install command is deprecated setup.py egg_info --egg-base ../../build/napoleon build --build-base /workspace/build/napoleon/build install --record /workspace/build/napoleon/install.log --single-version-externally-managed install_data
